This file contains any messages produced by compilers while
running configure, to aid debugging if configure makes a mistake.

It was created by bcm2835 configure 1.75, which was
generated by GNU Autoconf 2.71.  Invocation command line was

  $ ./configure --build x86_64-linux-gnu --host aarch64-unknown-linux-gnu --prefix=/work/build/lib/bcm2835

## --------- ##
## Platform. ##
## --------- ##

hostname = 90007480e80d
uname -m = x86_64
uname -r = 6.8.0-38-generic
uname -s = Linux
uname -v = #38-Ubuntu SMP PREEMPT_DYNAMIC Fri Jun  7 15:25:01 UTC 2024

/usr/bin/uname -p = unknown
/bin/uname -X     = unknown

/bin/arch              = x86_64
/usr/bin/arch -k       = unknown
/usr/convex/getsysinfo = unknown
/usr/bin/hostinfo      = unknown
/bin/machine           = unknown
/usr/bin/oslevel       = unknown
/bin/universe          = unknown

PATH: /usr/local/sbin/
PATH: /usr/local/bin/
PATH: /usr/sbin/
PATH: /usr/bin/
PATH: /sbin/
PATH: /bin/
PATH: /usr/xcc/aarch64-unknown-linux-gnu/bin/


## ----------- ##
## Core tests. ##
## ----------- ##

configure:2156: looking for aux files: compile missing install-sh
configure:2169:  trying ./
configure:2198:   ./compile found
configure:2198:   ./missing found
configure:2180:   ./install-sh found
configure:2330: checking for a BSD-compatible install
configure:2403: result: /usr/bin/install -c
configure:2414: checking whether build environment is sane
configure:2469: result: yes
configure:2525: checking for aarch64-unknown-linux-gnu-strip
configure:2546: found /usr/xcc/aarch64-unknown-linux-gnu/bin/aarch64-unknown-linux-gnu-strip
configure:2557: result: aarch64-unknown-linux-gnu-strip
configure:2628: checking for a race-free mkdir -p
configure:2672: result: /usr/bin/mkdir -p
configure:2679: checking for gawk
configure:2700: found /usr/bin/gawk
configure:2711: result: gawk
configure:2722: checking whether make sets $(MAKE)
configure:2745: result: yes
configure:2775: checking whether make supports nested variables
configure:2793: result: yes
configure:2942: checking whether make supports the include directive
configure:2957: make -f confmf.GNU && cat confinc.out
this is the am__doit target
configure:2960: $? = 0
configure:2979: result: yes (GNU style)
configure:3010: checking for aarch64-unknown-linux-gnu-gcc
configure:3042: result: /usr/xcc/aarch64-unknown-linux-gnu/bin/aarch64-unknown-linux-gnu-gcc
configure:3440: checking for C compiler version
configure:3449: /usr/xcc/aarch64-unknown-linux-gnu/bin/aarch64-unknown-linux-gnu-gcc --version >&5
aarch64-unknown-linux-gnu-gcc (crosstool-NG 1.25.0.26_db6f703) 11.3.0
Copyright (C) 2021 Free Software Foundation, Inc.
This is free software; see the source for copying conditions.  There is NO
warranty; not even for MERCHANTABILITY or FITNESS FOR A PARTICULAR PURPOSE.

configure:3460: $? = 0
configure:3449: /usr/xcc/aarch64-unknown-linux-gnu/bin/aarch64-unknown-linux-gnu-gcc -v >&5
Using built-in specs.
COLLECT_GCC=/usr/xcc/aarch64-unknown-linux-gnu/bin/aarch64-unknown-linux-gnu-gcc
COLLECT_LTO_WRAPPER=/usr/xcc/aarch64-unknown-linux-gnu/libexec/gcc/aarch64-unknown-linux-gnu/11.3.0/lto-wrapper
Target: aarch64-unknown-linux-gnu
Configured with: /dockcross/crosstool/toolchain/.build/aarch64-unknown-linux-gnu/src/gcc/configure --build=x86_64-build_pc-linux-gnu --host=x86_64-build_pc-linux-gnu --target=aarch64-unknown-linux-gnu --prefix=/usr/xcc/aarch64-unknown-linux-gnu --exec_prefix=/usr/xcc/aarch64-unknown-linux-gnu --with-sysroot=/usr/xcc/aarch64-unknown-linux-gnu/aarch64-unknown-linux-gnu/sysroot --enable-languages=c,c++,fortran --with-pkgversion='crosstool-NG 1.25.0.26_db6f703' --enable-__cxa_atexit --enable-libmudflap --enable-libgomp --enable-libquadmath --enable-libquadmath-support --enable-libsanitizer --disable-libmpx --disable-libstdcxx-verbose --with-gmp=/dockcross/crosstool/toolchain/.build/aarch64-unknown-linux-gnu/buildtools --with-mpfr=/dockcross/crosstool/toolchain/.build/aarch64-unknown-linux-gnu/buildtools --with-mpc=/dockcross/crosstool/toolchain/.build/aarch64-unknown-linux-gnu/buildtools --with-isl=/dockcross/crosstool/toolchain/.build/aarch64-unknown-linux-gnu/buildtools --enable-lto --enable-threads=posix --enable-target-optspace --enable-linker-build-id --enable-plugin --enable-gold --disable-nls --with-system-zlib --disable-multilib --with-local-prefix=/usr/xcc/aarch64-unknown-linux-gnu/aarch64-unknown-linux-gnu/sysroot --enable-long-long
Thread model: posix
Supported LTO compression algorithms: zlib
gcc version 11.3.0 (crosstool-NG 1.25.0.26_db6f703) 
configure:3460: $? = 0
configure:3449: /usr/xcc/aarch64-unknown-linux-gnu/bin/aarch64-unknown-linux-gnu-gcc -V >&5
aarch64-unknown-linux-gnu-gcc: error: unrecognized command-line option '-V'
aarch64-unknown-linux-gnu-gcc: fatal error: no input files
compilation terminated.
configure:3460: $? = 1
configure:3449: /usr/xcc/aarch64-unknown-linux-gnu/bin/aarch64-unknown-linux-gnu-gcc -qversion >&5
aarch64-unknown-linux-gnu-gcc: error: unrecognized command-line option '-qversion'; did you mean '--version'?
aarch64-unknown-linux-gnu-gcc: fatal error: no input files
compilation terminated.
configure:3460: $? = 1
configure:3449: /usr/xcc/aarch64-unknown-linux-gnu/bin/aarch64-unknown-linux-gnu-gcc -version >&5
aarch64-unknown-linux-gnu-gcc: error: unrecognized command-line option '-version'
aarch64-unknown-linux-gnu-gcc: fatal error: no input files
compilation terminated.
configure:3460: $? = 1
configure:3480: checking whether the C compiler works
configure:3502: /usr/xcc/aarch64-unknown-linux-gnu/bin/aarch64-unknown-linux-gnu-gcc    conftest.c  >&5
configure:3506: $? = 0
configure:3556: result: yes
configure:3559: checking for C compiler default output file name
configure:3561: result: a.out
configure:3567: checking for suffix of executables
configure:3574: /usr/xcc/aarch64-unknown-linux-gnu/bin/aarch64-unknown-linux-gnu-gcc -o conftest    conftest.c  >&5
configure:3578: $? = 0
configure:3601: result: 
configure:3623: checking whether we are cross compiling
configure:3661: result: yes
configure:3666: checking for suffix of object files
configure:3689: /usr/xcc/aarch64-unknown-linux-gnu/bin/aarch64-unknown-linux-gnu-gcc -c   conftest.c >&5
configure:3693: $? = 0
configure:3715: result: o
configure:3719: checking whether the compiler supports GNU C
configure:3739: /usr/xcc/aarch64-unknown-linux-gnu/bin/aarch64-unknown-linux-gnu-gcc -c   conftest.c >&5
configure:3739: $? = 0
configure:3749: result: yes
configure:3760: checking whether /usr/xcc/aarch64-unknown-linux-gnu/bin/aarch64-unknown-linux-gnu-gcc accepts -g
configure:3781: /usr/xcc/aarch64-unknown-linux-gnu/bin/aarch64-unknown-linux-gnu-gcc -c -g  conftest.c >&5
configure:3781: $? = 0
configure:3825: result: yes
configure:3845: checking for /usr/xcc/aarch64-unknown-linux-gnu/bin/aarch64-unknown-linux-gnu-gcc option to enable C11 features
configure:3860: /usr/xcc/aarch64-unknown-linux-gnu/bin/aarch64-unknown-linux-gnu-gcc  -c -g -O2  conftest.c >&5
configure:3860: $? = 0
configure:3878: result: none needed
configure:3994: checking whether /usr/xcc/aarch64-unknown-linux-gnu/bin/aarch64-unknown-linux-gnu-gcc understands -c and -o together
configure:4017: /usr/xcc/aarch64-unknown-linux-gnu/bin/aarch64-unknown-linux-gnu-gcc -c conftest.c -o conftest2.o
configure:4020: $? = 0
configure:4017: /usr/xcc/aarch64-unknown-linux-gnu/bin/aarch64-unknown-linux-gnu-gcc -c conftest.c -o conftest2.o
configure:4020: $? = 0
configure:4032: result: yes
configure:4051: checking dependency style of /usr/xcc/aarch64-unknown-linux-gnu/bin/aarch64-unknown-linux-gnu-gcc
configure:4163: result: gcc3
configure:4179: checking for clock_gettime in -lrt
configure:4202: /usr/xcc/aarch64-unknown-linux-gnu/bin/aarch64-unknown-linux-gnu-gcc -o conftest -g -O2   conftest.c -lrt   >&5
configure:4202: $? = 0
configure:4212: result: yes
configure:4222: checking for docs
configure:4233: result: yes
configure:4248: checking for doxygen
configure:4283: result: no
configure:4292: WARNING: Doxygen not found - continuing without Doxygen support
configure:4299: checking for aarch64-unknown-linux-gnu-ranlib
configure:4320: found /usr/xcc/aarch64-unknown-linux-gnu/bin/aarch64-unknown-linux-gnu-ranlib
configure:4331: result: aarch64-unknown-linux-gnu-ranlib
configure:4406: checking for aarch64-unknown-linux-gnu-gcc
configure:4438: result: /usr/xcc/aarch64-unknown-linux-gnu/bin/aarch64-unknown-linux-gnu-gcc
configure:4836: checking for C compiler version
configure:4845: /usr/xcc/aarch64-unknown-linux-gnu/bin/aarch64-unknown-linux-gnu-gcc --version >&5
aarch64-unknown-linux-gnu-gcc (crosstool-NG 1.25.0.26_db6f703) 11.3.0
Copyright (C) 2021 Free Software Foundation, Inc.
This is free software; see the source for copying conditions.  There is NO
warranty; not even for MERCHANTABILITY or FITNESS FOR A PARTICULAR PURPOSE.

configure:4856: $? = 0
configure:4845: /usr/xcc/aarch64-unknown-linux-gnu/bin/aarch64-unknown-linux-gnu-gcc -v >&5
Using built-in specs.
COLLECT_GCC=/usr/xcc/aarch64-unknown-linux-gnu/bin/aarch64-unknown-linux-gnu-gcc
COLLECT_LTO_WRAPPER=/usr/xcc/aarch64-unknown-linux-gnu/libexec/gcc/aarch64-unknown-linux-gnu/11.3.0/lto-wrapper
Target: aarch64-unknown-linux-gnu
Configured with: /dockcross/crosstool/toolchain/.build/aarch64-unknown-linux-gnu/src/gcc/configure --build=x86_64-build_pc-linux-gnu --host=x86_64-build_pc-linux-gnu --target=aarch64-unknown-linux-gnu --prefix=/usr/xcc/aarch64-unknown-linux-gnu --exec_prefix=/usr/xcc/aarch64-unknown-linux-gnu --with-sysroot=/usr/xcc/aarch64-unknown-linux-gnu/aarch64-unknown-linux-gnu/sysroot --enable-languages=c,c++,fortran --with-pkgversion='crosstool-NG 1.25.0.26_db6f703' --enable-__cxa_atexit --enable-libmudflap --enable-libgomp --enable-libquadmath --enable-libquadmath-support --enable-libsanitizer --disable-libmpx --disable-libstdcxx-verbose --with-gmp=/dockcross/crosstool/toolchain/.build/aarch64-unknown-linux-gnu/buildtools --with-mpfr=/dockcross/crosstool/toolchain/.build/aarch64-unknown-linux-gnu/buildtools --with-mpc=/dockcross/crosstool/toolchain/.build/aarch64-unknown-linux-gnu/buildtools --with-isl=/dockcross/crosstool/toolchain/.build/aarch64-unknown-linux-gnu/buildtools --enable-lto --enable-threads=posix --enable-target-optspace --enable-linker-build-id --enable-plugin --enable-gold --disable-nls --with-system-zlib --disable-multilib --with-local-prefix=/usr/xcc/aarch64-unknown-linux-gnu/aarch64-unknown-linux-gnu/sysroot --enable-long-long
Thread model: posix
Supported LTO compression algorithms: zlib
gcc version 11.3.0 (crosstool-NG 1.25.0.26_db6f703) 
configure:4856: $? = 0
configure:4845: /usr/xcc/aarch64-unknown-linux-gnu/bin/aarch64-unknown-linux-gnu-gcc -V >&5
aarch64-unknown-linux-gnu-gcc: error: unrecognized command-line option '-V'
aarch64-unknown-linux-gnu-gcc: fatal error: no input files
compilation terminated.
configure:4856: $? = 1
configure:4845: /usr/xcc/aarch64-unknown-linux-gnu/bin/aarch64-unknown-linux-gnu-gcc -qversion >&5
aarch64-unknown-linux-gnu-gcc: error: unrecognized command-line option '-qversion'; did you mean '--version'?
aarch64-unknown-linux-gnu-gcc: fatal error: no input files
compilation terminated.
configure:4856: $? = 1
configure:4845: /usr/xcc/aarch64-unknown-linux-gnu/bin/aarch64-unknown-linux-gnu-gcc -version >&5
aarch64-unknown-linux-gnu-gcc: error: unrecognized command-line option '-version'
aarch64-unknown-linux-gnu-gcc: fatal error: no input files
compilation terminated.
configure:4856: $? = 1
configure:4860: checking whether the compiler supports GNU C
configure:4890: result: yes
configure:4901: checking whether /usr/xcc/aarch64-unknown-linux-gnu/bin/aarch64-unknown-linux-gnu-gcc accepts -g
configure:4966: result: yes
configure:4986: checking for /usr/xcc/aarch64-unknown-linux-gnu/bin/aarch64-unknown-linux-gnu-gcc option to enable C11 features
configure:5019: result: none needed
configure:5135: checking whether /usr/xcc/aarch64-unknown-linux-gnu/bin/aarch64-unknown-linux-gnu-gcc understands -c and -o together
configure:5173: result: yes
configure:5192: checking dependency style of /usr/xcc/aarch64-unknown-linux-gnu/bin/aarch64-unknown-linux-gnu-gcc
configure:5304: result: gcc3
configure:5435: checking that generated files are newer than configure
configure:5441: result: done
configure:5476: creating ./config.status

## ---------------------- ##
## Running config.status. ##
## ---------------------- ##

This file was extended by bcm2835 config.status 1.75, which was
generated by GNU Autoconf 2.71.  Invocation command line was

  CONFIG_FILES    = 
  CONFIG_HEADERS  = 
  CONFIG_LINKS    = 
  CONFIG_COMMANDS = 
  $ ./config.status 

on 90007480e80d

config.status:846: creating Makefile
config.status:846: creating src/Makefile
config.status:846: creating doc/Makefile
config.status:846: creating config.h
config.status:1027: config.h is unchanged
config.status:1075: executing depfiles commands
config.status:1152: cd src       && sed -e '/# am--include-marker/d' Makefile         | make -f - am--depfiles
make: Nothing to be done for 'am--depfiles'.
config.status:1157: $? = 0

## ---------------- ##
## Cache variables. ##
## ---------------- ##

ac_cv_c_compiler_gnu=yes
ac_cv_env_CC_set=set
ac_cv_env_CC_value=/usr/xcc/aarch64-unknown-linux-gnu/bin/aarch64-unknown-linux-gnu-gcc
ac_cv_env_CFLAGS_set=
ac_cv_env_CFLAGS_value=
ac_cv_env_CPPFLAGS_set=
ac_cv_env_CPPFLAGS_value=
ac_cv_env_LDFLAGS_set=
ac_cv_env_LDFLAGS_value=
ac_cv_env_LIBS_set=
ac_cv_env_LIBS_value=
ac_cv_env_build_alias_set=set
ac_cv_env_build_alias_value=x86_64-linux-gnu
ac_cv_env_host_alias_set=set
ac_cv_env_host_alias_value=aarch64-unknown-linux-gnu
ac_cv_env_target_alias_set=
ac_cv_env_target_alias_value=
ac_cv_lib_rt_clock_gettime=yes
ac_cv_objext=o
ac_cv_path_install='/usr/bin/install -c'
ac_cv_path_mkdir=/usr/bin/mkdir
ac_cv_prog_AWK=gawk
ac_cv_prog_CC=/usr/xcc/aarch64-unknown-linux-gnu/bin/aarch64-unknown-linux-gnu-gcc
ac_cv_prog_RANLIB=aarch64-unknown-linux-gnu-ranlib
ac_cv_prog_STRIP=aarch64-unknown-linux-gnu-strip
ac_cv_prog_cc_c11=
ac_cv_prog_cc_g=yes
ac_cv_prog_cc_stdc=
ac_cv_prog_make_make_set=yes
am_cv_CC_dependencies_compiler_type=gcc3
am_cv_make_support_nested_variables=yes
am_cv_prog_cc_c_o=yes

## ----------------- ##
## Output variables. ##
## ----------------- ##

ACLOCAL='${SHELL} '\''/work/lib/bcm2835/missing'\'' aclocal-1.16'
AMDEPBACKSLASH='\'
AMDEP_FALSE='#'
AMDEP_TRUE=''
AMTAR='$${TAR-tar}'
AM_BACKSLASH='\'
AM_DEFAULT_V='$(AM_DEFAULT_VERBOSITY)'
AM_DEFAULT_VERBOSITY='1'
AM_V='$(V)'
AUTOCONF='${SHELL} '\''/work/lib/bcm2835/missing'\'' autoconf'
AUTOHEADER='${SHELL} '\''/work/lib/bcm2835/missing'\'' autoheader'
AUTOMAKE='${SHELL} '\''/work/lib/bcm2835/missing'\'' automake-1.16'
AWK='gawk'
CC='/usr/xcc/aarch64-unknown-linux-gnu/bin/aarch64-unknown-linux-gnu-gcc'
CCDEPMODE='depmode=gcc3'
CFLAGS='-g -O2'
CPPFLAGS=''
CSCOPE='cscope'
CTAGS='ctags'
CYGPATH_W='echo'
DEFS='-DHAVE_CONFIG_H'
DEPDIR='.deps'
DOXYGEN=''
ECHO_C=''
ECHO_N='-n'
ECHO_T=''
ETAGS='etags'
EXEEXT=''
HAVE_DOCS_FALSE='#'
HAVE_DOCS_TRUE=''
HAVE_DOXYGEN_FALSE=''
HAVE_DOXYGEN_TRUE='#'
INSTALL_DATA='${INSTALL} -m 644'
INSTALL_PROGRAM='${INSTALL}'
INSTALL_SCRIPT='${INSTALL}'
INSTALL_STRIP_PROGRAM='$(install_sh) -c -s'
LDFLAGS=''
LIBOBJS=''
LIBS='-lrt '
LTLIBOBJS=''
MAKEINFO='${SHELL} '\''/work/lib/bcm2835/missing'\'' makeinfo'
MKDIR_P='/usr/bin/mkdir -p'
OBJEXT='o'
PACKAGE='bcm2835'
PACKAGE_BUGREPORT='mikem@airspayce.com'
PACKAGE_NAME='bcm2835'
PACKAGE_STRING='bcm2835 1.75'
PACKAGE_TARNAME='bcm2835'
PACKAGE_URL=''
PACKAGE_VERSION='1.75'
PATH_SEPARATOR=':'
RANLIB='aarch64-unknown-linux-gnu-ranlib'
SET_MAKE=''
SHELL='/bin/bash'
STRIP='aarch64-unknown-linux-gnu-strip'
VERSION='1.75'
ac_ct_CC=''
am__EXEEXT_FALSE=''
am__EXEEXT_TRUE='#'
am__fastdepCC_FALSE='#'
am__fastdepCC_TRUE=''
am__include='include'
am__isrc=''
am__leading_dot='.'
am__nodep='_no'
am__quote=''
am__tar='$${TAR-tar} chof - "$$tardir"'
am__untar='$${TAR-tar} xf -'
bindir='${exec_prefix}/bin'
build_alias='x86_64-linux-gnu'
datadir='${datarootdir}'
datarootdir='${prefix}/share'
docdir='${datarootdir}/doc/${PACKAGE_TARNAME}'
dvidir='${docdir}'
exec_prefix='${prefix}'
host_alias='aarch64-unknown-linux-gnu'
htmldir='${docdir}'
includedir='${prefix}/include'
infodir='${datarootdir}/info'
install_sh='${SHELL} /work/lib/bcm2835/install-sh'
libdir='${exec_prefix}/lib'
libexecdir='${exec_prefix}/libexec'
localedir='${datarootdir}/locale'
localstatedir='${prefix}/var'
mandir='${datarootdir}/man'
mkdir_p='$(MKDIR_P)'
oldincludedir='/usr/include'
pdfdir='${docdir}'
prefix='/work/build/lib/bcm2835'
program_transform_name='s,x,x,'
psdir='${docdir}'
runstatedir='${localstatedir}/run'
sbindir='${exec_prefix}/sbin'
sharedstatedir='${prefix}/com'
sysconfdir='${prefix}/etc'
target_alias=''

## ----------- ##
## confdefs.h. ##
## ----------- ##

/* confdefs.h */
#define PACKAGE_NAME "bcm2835"
#define PACKAGE_TARNAME "bcm2835"
#define PACKAGE_VERSION "1.75"
#define PACKAGE_STRING "bcm2835 1.75"
#define PACKAGE_BUGREPORT "mikem@airspayce.com"
#define PACKAGE_URL ""
#define PACKAGE "bcm2835"
#define VERSION "1.75"
#define HAVE_LIBRT 1

configure: exit 0
